Loading Model...
Model / Optimizer Loading Succesful :P
Loading Dataset
Training
Epoch 0
Loss: 5.559116840362549 Accuracy: 0.0
Loss: 235.36701893806458 Accuracy: 12.125
Loss: 227.05589246749878 Accuracy: 11.0
Loss: 220.57690334320068 Accuracy: 15.0
Loss: 210.83623552322388 Accuracy: 19.875
Loss: 210.2252631187439 Accuracy: 20.375
Loss: 197.6859073638916 Accuracy: 23.125
Loss: 178.3194854259491 Accuracy: 30.125
Loss: 177.5657274723053 Accuracy: 30.0
Loss: 179.68002152442932 Accuracy: 29.25
Loss: 168.20124578475952 Accuracy: 34.0
Loss: 169.0978741645813 Accuracy: 33.25
Loss: 156.73822140693665 Accuracy: 36.625
Loss: 156.20406544208527 Accuracy: 37.75
Loss: 151.4480848312378 Accuracy: 39.375
Loss: 142.4923096895218 Accuracy: 42.875
Loss: 148.987651348114 Accuracy: 40.75
Loss: 140.5953414440155 Accuracy: 43.375
Loss: 134.80726850032806 Accuracy: 44.125
Loss: 123.46159875392914 Accuracy: 48.625
Loss: 135.88617408275604 Accuracy: 45.25
Loss: 117.12704694271088 Accuracy: 51.125
Loss: 115.95963907241821 Accuracy: 52.75
Loss: 120.16875886917114 Accuracy: 51.0
Loss: 117.33711016178131 Accuracy: 51.37500000000001
Loss: 120.59859645366669 Accuracy: 52.25
Loss: 111.08153665065765 Accuracy: 53.87499999999999
Loss: 117.84746444225311 Accuracy: 50.125
Loss: 109.92237508296967 Accuracy: 53.625
Loss: 110.06054830551147 Accuracy: 52.25
Loss: 105.93924510478973 Accuracy: 55.125
Loss: 105.88175731897354 Accuracy: 54.25
Loss: 102.96222805976868 Accuracy: 57.375
Loss: 108.1053649187088 Accuracy: 53.0
Loss: 87.93054986000061 Accuracy: 60.25
Loss: 98.63300085067749 Accuracy: 57.49999999999999
Loss: 96.2733484506607 Accuracy: 59.5
Loss: 89.59625256061554 Accuracy: 61.25000000000001
Loss: 94.70745587348938 Accuracy: 60.5
Loss: 100.30349892377853 Accuracy: 57.375
Loss: 93.12269395589828 Accuracy: 58.5
Loss: 89.65614539384842 Accuracy: 60.0
Loss: 88.58993422985077 Accuracy: 61.375
Loss: 90.76756018400192 Accuracy: 63.375
Loss: 91.09089514613152 Accuracy: 61.875
Loss: 86.81122052669525 Accuracy: 61.75000000000001
Loss: 83.02079808712006 Accuracy: 63.5
Loss: 86.821115732193 Accuracy: 63.24999999999999
Loss: 79.85943961143494 Accuracy: 65.75
Loss: 86.26324427127838 Accuracy: 62.25000000000001
Loss: 88.53224298357964 Accuracy: 61.12499999999999
Loss: 86.11044162511826 Accuracy: 63.375
Loss: 79.25185614824295 Accuracy: 64.125
Loss: 78.81621968746185 Accuracy: 64.75
Loss: 80.26910722255707 Accuracy: 64.0
Loss: 77.02863010764122 Accuracy: 67.0
Loss: 75.84638440608978 Accuracy: 66.25
Loss: 79.66689696907997 Accuracy: 64.5
Loss: 80.02875363826752 Accuracy: 63.87500000000001
Loss: 76.4788915514946 Accuracy: 66.375
Loss: 81.88612143695354 Accuracy: 64.5
Loss: 72.33492910861969 Accuracy: 68.25
Loss: 70.36496236920357 Accuracy: 70.75
Loss: 77.33341455459595 Accuracy: 64.75
Loss: 73.19865196943283 Accuracy: 66.625
Loss: 66.48597949743271 Accuracy: 68.875
Loss: 75.44570624828339 Accuracy: 68.125
Loss: 72.23387885093689 Accuracy: 68.125
Loss: 71.95391952991486 Accuracy: 68.125
Loss: 72.3620972931385 Accuracy: 69.5
Loss: 65.16479432582855 Accuracy: 71.0
Loss: 63.493739664554596 Accuracy: 70.875
Loss: 68.3901315331459 Accuracy: 71.0
Loss: 67.78131061792374 Accuracy: 70.625
Loss: 66.5220438838005 Accuracy: 70.875
Loss: 69.66674888134003 Accuracy: 69.375
Loss: 68.72278180718422 Accuracy: 70.375
Loss: 62.48209863901138 Accuracy: 71.625
Loss: 73.13670194149017 Accuracy: 67.125
Loss: 67.2464970946312 Accuracy: 70.375
Loss: 66.6697946190834 Accuracy: 71.75
Loss: 66.82065606117249 Accuracy: 69.375
Loss: 63.15226677060127 Accuracy: 70.875
Loss: 62.78435757756233 Accuracy: 71.25
Loss: 62.354921251535416 Accuracy: 72.625
Loss: 65.85984468460083 Accuracy: 70.75
Loss: 62.982096910476685 Accuracy: 71.625
Loss: 71.45294761657715 Accuracy: 68.375
Loss: 59.361202389001846 Accuracy: 74.375
Loss: 56.113080844283104 Accuracy: 74.75
Loss: 62.13986602425575 Accuracy: 72.375
Loss: 57.35305446386337 Accuracy: 74.25
Loss: 60.769307628273964 Accuracy: 71.875
Loss: 63.817213624715805 Accuracy: 72.5
Loss: 62.88173761963844 Accuracy: 71.5
Loss: 59.17466741800308 Accuracy: 74.375
Loss: 59.17808321118355 Accuracy: 73.625
Loss: 58.338854774832726 Accuracy: 72.0
Loss: 59.705590188503265 Accuracy: 72.25
Loss: 64.30672693252563 Accuracy: 71.25
Loss: 60.98072046041489 Accuracy: 74.0
Loss: 55.05155983567238 Accuracy: 75.0
Loss: 54.142401456832886 Accuracy: 75.375
Loss: 56.990468084812164 Accuracy: 73.0
Loss: 53.538308531045914 Accuracy: 75.75
Loss: 56.2391459941864 Accuracy: 73.875
Loss: 59.30603505671024 Accuracy: 73.25
Loss: 56.60742527246475 Accuracy: 73.5
Loss: 55.134138971567154 Accuracy: 76.25
Loss: 58.56217676401138 Accuracy: 73.75
Loss: 59.21079662442207 Accuracy: 71.875
Loss: 55.243939608335495 Accuracy: 72.75
Loss: 55.071060836315155 Accuracy: 75.75
Loss: 53.27702881395817 Accuracy: 75.0
Loss: 44.51498106122017 Accuracy: 78.25
Loss: 52.982642233371735 Accuracy: 75.375
Loss: 54.66019922494888 Accuracy: 74.875
Loss: 53.96076646447182 Accuracy: 75.5
Loss: 53.18441715836525 Accuracy: 74.875
Loss: 46.62276455760002 Accuracy: 77.75
Loss: 51.90332621335983 Accuracy: 76.5
Loss: 46.05035209655762 Accuracy: 77.625
Loss: 51.97269933670759 Accuracy: 76.5
Loss: 51.58301329612732 Accuracy: 75.875
Loss: 50.532380774617195 Accuracy: 76.375
Loss: 50.00534754246473 Accuracy: 77.75
Loss: 50.48178293555975 Accuracy: 79.375
Loss: 51.51227305829525 Accuracy: 78.125
Loss: 50.07483050227165 Accuracy: 76.625
Loss: 50.04228459298611 Accuracy: 77.75
Loss: 54.10842373967171 Accuracy: 74.75
Loss: 44.80156660079956 Accuracy: 78.375
Loss: 45.876104325056076 Accuracy: 77.875
Loss: 51.32495276629925 Accuracy: 77.125
Loss: 48.090043276548386 Accuracy: 77.875
Loss: 48.680491626262665 Accuracy: 77.375
Loss: 47.14901602268219 Accuracy: 79.25
Loss: 49.16317757964134 Accuracy: 77.375
Loss: 47.21492552757263 Accuracy: 77.375
Loss: 49.79189199209213 Accuracy: 77.0
Loss: 45.04336806386709 Accuracy: 78.875
Loss: 42.25669679045677 Accuracy: 79.75
Loss: 46.92454707622528 Accuracy: 79.0
Loss: 51.28874742984772 Accuracy: 77.125
Loss: 41.3733629360795 Accuracy: 82.375
Loss: 45.88036996126175 Accuracy: 78.375
Loss: 45.669905081391335 Accuracy: 79.125
Loss: 44.707291539758444 Accuracy: 79.75
Loss: 40.87985613942146 Accuracy: 81.75
Loss: 49.913881331682205 Accuracy: 76.75
Loss: 43.37569210678339 Accuracy: 79.375
Loss: 41.52372297644615 Accuracy: 80.0
Loss: 43.02812547981739 Accuracy: 79.875
Loss: 44.9897101521492 Accuracy: 78.75
Loss: 47.7078246101737 Accuracy: 79.125
Loss: 44.580838948488235 Accuracy: 79.25
Loss: 45.84903401136398 Accuracy: 80.75
Loss: 43.998413883149624 Accuracy: 80.0
Loss: 38.60904158651829 Accuracy: 80.875
Loss: 42.646358877420425 Accuracy: 79.75
Loss: 42.65389381349087 Accuracy: 81.375
Loss: 42.67979650199413 Accuracy: 80.5
Loss: 39.8454632461071 Accuracy: 80.625
Loss: 43.51871908456087 Accuracy: 80.125
Loss: 37.99835081398487 Accuracy: 82.375
Loss: 37.82385155558586 Accuracy: 83.875
Loss: 44.48345586657524 Accuracy: 79.75
Loss: 40.47213965654373 Accuracy: 79.375
Loss: 42.40002042800188 Accuracy: 80.75
Loss: 39.43074503540993 Accuracy: 80.25
Loss: 40.292267210781574 Accuracy: 81.75
Loss: 46.71362665295601 Accuracy: 78.0
Loss: 37.86149265617132 Accuracy: 82.375
Loss: 33.66040430217981 Accuracy: 82.875
Loss: 37.30245923995972 Accuracy: 82.375
Loss: 42.855145543813705 Accuracy: 81.375
Loss: 43.52337083220482 Accuracy: 78.5
Loss: 37.152025282382965 Accuracy: 84.0
Loss: 39.61863251030445 Accuracy: 82.875
Loss: 39.577976152300835 Accuracy: 81.625
Loss: 38.266249284148216 Accuracy: 82.5
Loss: 35.20245757699013 Accuracy: 83.5
Loss: 43.28266526758671 Accuracy: 79.25
Loss: 35.62656085938215 Accuracy: 84.625
Loss: 38.29256120324135 Accuracy: 81.125
Loss: 38.1507066488266 Accuracy: 82.875
Loss: 42.397099673748016 Accuracy: 80.5
Loss: 36.51507056504488 Accuracy: 83.375
Loss: 38.993275694549084 Accuracy: 81.0
Loss: 34.69212904945016 Accuracy: 84.375
Loss: 33.66918834298849 Accuracy: 84.125
Loss: 36.07319167256355 Accuracy: 84.5
Loss: 37.34514866769314 Accuracy: 82.5
Loss: 32.499940641224384 Accuracy: 85.5
Loss: 41.16095219552517 Accuracy: 81.25
Loss: 37.734809920191765 Accuracy: 81.875
Loss: 39.181012004613876 Accuracy: 83.375
Loss: 38.55605775117874 Accuracy: 82.375
Loss: 35.02816588431597 Accuracy: 83.0
Loss: 35.678880888968706 Accuracy: 82.875
Loss: 36.12891103327274 Accuracy: 82.75
Loss: 40.44929253309965 Accuracy: 81.5
Loss: 34.70858860760927 Accuracy: 84.25
Loss: 33.17748487740755 Accuracy: 84.625
Loss: 35.51043854653835 Accuracy: 83.25
Loss: 36.495997220277786 Accuracy: 82.625
Loss: 41.20790136605501 Accuracy: 81.25
Loss: 34.93101388216019 Accuracy: 84.0
Loss: 35.905256286263466 Accuracy: 83.625
Loss: 28.029832035303116 Accuracy: 87.375
Loss: 32.14586668461561 Accuracy: 85.25
Loss: 33.708669409155846 Accuracy: 85.25
Loss: 36.64782229065895 Accuracy: 83.125
Loss: 37.084203131496906 Accuracy: 83.25
Loss: 33.35254413634539 Accuracy: 84.375
Loss: 38.011707704514265 Accuracy: 82.875
Loss: 35.184752218425274 Accuracy: 84.375
Loss: 31.436544716358185 Accuracy: 85.625
Loss: 32.21222577244043 Accuracy: 83.875
Loss: 33.58003927767277 Accuracy: 85.75
Loss: 35.32147264480591 Accuracy: 83.875
Loss: 33.97134828567505 Accuracy: 84.25
Loss: 31.18556496500969 Accuracy: 84.875
Loss: 32.97160134464502 Accuracy: 84.125
Loss: 32.42802180349827 Accuracy: 85.75
Loss: 35.61650064587593 Accuracy: 83.625
Loss: 35.744853153824806 Accuracy: 83.375
Loss: 31.006023537367582 Accuracy: 85.0
Loss: 28.49267192184925 Accuracy: 86.5
Loss: 29.01230315864086 Accuracy: 85.375
Loss: 32.964959651231766 Accuracy: 85.125
Loss: 27.23631276190281 Accuracy: 85.875
Loss: 35.403835117816925 Accuracy: 83.875
Loss: 32.440378934144974 Accuracy: 85.25
Loss: 32.3738434612751 Accuracy: 84.25
Loss: 32.603215880692005 Accuracy: 84.625
Loss: 25.5726667791605 Accuracy: 86.75
Loss: 28.81008731201291 Accuracy: 87.375
Loss: 34.40014471113682 Accuracy: 84.625
Loss: 31.141212075948715 Accuracy: 85.25
Loss: 30.616814125329256 Accuracy: 84.75
Loss: 25.295446638017893 Accuracy: 87.875
Loss: 30.52227540500462 Accuracy: 86.0
Loss: 29.22470660507679 Accuracy: 87.125
Loss: 34.24340281635523 Accuracy: 83.75
Loss: 33.022195518016815 Accuracy: 85.5
Loss: 32.78016099333763 Accuracy: 84.0
Loss: 26.16015250980854 Accuracy: 87.25
Loss: 28.35663339495659 Accuracy: 85.375
Loss: 27.618196569383144 Accuracy: 86.875
Loss: 30.191518917679787 Accuracy: 86.625
Loss: 29.917888328433037 Accuracy: 85.625
Loss: 32.06051837652922 Accuracy: 85.875
Loss: 29.355278853327036 Accuracy: 85.5
Loss: 27.57885353267193 Accuracy: 88.625
Loss: 32.41267033107579 Accuracy: 84.625
Loss: 29.630687134340405 Accuracy: 85.625
Loss: 25.623005190864205 Accuracy: 87.5
Loss: 24.71263788640499 Accuracy: 87.875
Loss: 30.372508559376 Accuracy: 87.5
Loss: 28.020311314612627 Accuracy: 87.0
Loss: 29.01762317866087 Accuracy: 86.625
Loss: 28.476791022345424 Accuracy: 87.875
Loss: 24.602834202349186 Accuracy: 88.0
Loss: 28.635488178581 Accuracy: 86.0
Loss: 27.600079871714115 Accuracy: 86.625
Loss: 30.249192121438682 Accuracy: 85.0
Loss: 23.60625423491001 Accuracy: 88.25
Loss: 25.60749514400959 Accuracy: 87.75
Loss: 29.544021248817444 Accuracy: 87.25
Loss: 25.615321964025497 Accuracy: 86.5
Loss: 23.563549987971783 Accuracy: 89.625
Loss: 24.843383353203535 Accuracy: 87.625
Loss: 27.993542075157166 Accuracy: 87.875
Loss: 29.180650919675827 Accuracy: 87.0
Loss: 24.537607047706842 Accuracy: 89.125
Loss: 27.18117869645357 Accuracy: 88.25
Loss: 28.547980431467295 Accuracy: 85.25
Loss: 28.086958502419293 Accuracy: 87.25
Loss: 24.874848479405046 Accuracy: 88.125
Loss: 24.66831159964204 Accuracy: 88.375
Loss: 25.586532136425376 Accuracy: 86.625
Loss: 27.550894733518362 Accuracy: 88.0
Loss: 23.206727880984545 Accuracy: 89.125
Loss: 23.715834952890873 Accuracy: 89.25
Loss: 28.517800722271204 Accuracy: 86.625
Loss: 20.702732767909765 Accuracy: 90.125
Loss: 26.615269534289837 Accuracy: 88.0
Loss: 25.47823529690504 Accuracy: 87.625
Loss: 24.581229073926806 Accuracy: 88.5
Loss: 27.622673012316227 Accuracy: 86.75
Loss: 22.04155852366239 Accuracy: 89.625
Loss: 28.4132442176342 Accuracy: 85.75
Loss: 29.17960997670889 Accuracy: 84.625
Loss: 25.76418223977089 Accuracy: 88.625
Loss: 26.617611154913902 Accuracy: 87.375
Loss: 21.886872466653585 Accuracy: 89.75
Loss: 27.203246474266052 Accuracy: 88.25
Loss: 27.277592971920967 Accuracy: 86.5
Loss: 29.67434948682785 Accuracy: 86.625
Loss: 24.54832974821329 Accuracy: 88.5
Loss: 20.41578244790435 Accuracy: 90.625
Loss: 26.596501607447863 Accuracy: 88.0
Loss: 22.525900695472956 Accuracy: 89.375
Loss: 24.070850748568773 Accuracy: 88.375
Loss: 23.95147149823606 Accuracy: 87.75
Loss: 20.81645357608795 Accuracy: 89.875
Loss: 20.828019857406616 Accuracy: 91.0
Loss: 28.212260730564594 Accuracy: 86.875
Loss: 23.12748109921813 Accuracy: 89.125
Loss: 24.9961601421237 Accuracy: 87.125
Loss: 23.50359198451042 Accuracy: 89.0
Loss: 24.47910393308848 Accuracy: 88.625
Loss: 23.845971264876425 Accuracy: 89.375
Loss: 27.749104484915733 Accuracy: 85.875
Loss: 24.75668735615909 Accuracy: 87.75
Loss: 21.31614943128079 Accuracy: 90.75
Loss: 22.16707044839859 Accuracy: 90.0
Loss: 25.470478171482682 Accuracy: 87.75
Loss: 22.97606471180916 Accuracy: 88.5
Loss: 23.550077873747796 Accuracy: 88.625
Loss: 22.418562225997448 Accuracy: 90.375
Loss: 24.793017111718655 Accuracy: 88.125
Loss: 24.10155897261575 Accuracy: 87.875
Loss: 23.849878430366516 Accuracy: 88.5
Loss: 24.87867546081543 Accuracy: 88.0
Loss: 21.7480479888618 Accuracy: 89.25
Loss: 24.91581841185689 Accuracy: 87.25
Loss: 21.79622346535325 Accuracy: 89.75
Loss: 22.99681373219937 Accuracy: 90.0
Loss: 27.702383566647768 Accuracy: 87.625
Loss: 23.31741213798523 Accuracy: 88.75
Loss: 20.90561843290925 Accuracy: 88.875
Loss: 22.08241150714457 Accuracy: 88.875
Loss: 21.4335725158453 Accuracy: 88.625
Loss: 20.998069554567337 Accuracy: 89.625
Loss: 21.311106491833925 Accuracy: 89.25
Loss: 22.563849984668195 Accuracy: 89.125
Loss: 25.024816112592816 Accuracy: 87.75
Loss: 24.349752865731716 Accuracy: 88.625
Loss: 19.600126430392265 Accuracy: 90.0
Loss: 23.33890162035823 Accuracy: 89.125
Loss: 20.96914000250399 Accuracy: 89.875
Loss: 21.049922249279916 Accuracy: 90.25
Loss: 21.247188507579267 Accuracy: 89.875
Loss: 21.551620971411467 Accuracy: 90.0
Loss: 22.27031428180635 Accuracy: 88.75
Loss: 23.452537877485156 Accuracy: 89.375
Loss: 19.851106986403465 Accuracy: 90.5
Loss: 21.00645505450666 Accuracy: 91.375
Loss: 21.036014951765537 Accuracy: 89.875
Loss: 20.782848609611392 Accuracy: 89.25
Loss: 21.660572526045144 Accuracy: 90.5
Loss: 20.741949673742056 Accuracy: 91.875
Loss: 17.08134718425572 Accuracy: 91.375
Loss: 22.523756980895996 Accuracy: 88.75
Loss: 20.646477168425918 Accuracy: 90.25
Loss: 20.596892246976495 Accuracy: 89.875
Loss: 22.762911841273308 Accuracy: 89.75
Loss: 18.43339971266687 Accuracy: 89.25
Loss: 19.89887887239456 Accuracy: 90.25
Loss: 20.36906560137868 Accuracy: 90.0
Loss: 21.09805579483509 Accuracy: 89.875
Loss: 21.351990891620517 Accuracy: 90.375
Loss: 18.732495861127973 Accuracy: 90.875
Loss: 18.910306124947965 Accuracy: 90.5
Loss: 20.628372721374035 Accuracy: 91.0
Loss: 21.474991153925657 Accuracy: 89.375
Loss: 24.71663921326399 Accuracy: 89.0
Loss: 21.059919132851064 Accuracy: 90.0
Loss: 20.68296604231 Accuracy: 89.75
Loss: 21.65165767632425 Accuracy: 89.25
Loss: 17.72027518413961 Accuracy: 90.125
Loss: 16.795888476073742 Accuracy: 91.5
Loss: 21.220550138503313 Accuracy: 89.75
Loss: 24.412868730723858 Accuracy: 89.625
Loss: 18.675101406872272 Accuracy: 91.125
Loss: 18.324205306824297 Accuracy: 91.75
Loss: 21.31981841288507 Accuracy: 89.875
Loss: 19.56672984175384 Accuracy: 90.125
Loss: 17.302154782693833 Accuracy: 91.625
Loss: 19.84651077678427 Accuracy: 91.25
Loss: 19.285680148284882 Accuracy: 89.875
Loss: 20.889171663671732 Accuracy: 89.625
Loss: 20.163492310792208 Accuracy: 88.25
Loss: 20.373237303458154 Accuracy: 90.0
Loss: 20.94118969142437 Accuracy: 90.0
Loss: 19.963143853470683 Accuracy: 90.125
Loss: 23.728438399732113 Accuracy: 88.5
Loss: 18.679772535338998 Accuracy: 90.125
Loss: 18.580485217273235 Accuracy: 90.375
Loss: 19.523766100406647 Accuracy: 90.125
Loss: 19.065825812518597 Accuracy: 89.625
Loss: 21.26601281017065 Accuracy: 89.875
Loss: 17.36470741406083 Accuracy: 92.0
Loss: 17.602387107908726 Accuracy: 92.5
Loss: 18.77094722725451 Accuracy: 91.5
Loss: 20.00873540341854 Accuracy: 89.25
Loss: 20.298165863379836 Accuracy: 91.375
Loss: 19.266728187911212 Accuracy: 90.75
Loss: 17.08288347441703 Accuracy:/home/sprestrelski/miniconda3/envs/species-id/lib/python3.7/site-packages/torchaudio/functional/functional.py:572: UserWarning: At least one mel filterbank has all zero values. The value for `n_mels` (224) may be set too high. Or, the value for `n_freqs` (513) may be set too low.
  "At least one mel filterbank has all zero values. "
/home/sprestrelski/miniconda3/envs/species-id/lib/python3.7/site-packages/torchaudio/functional/functional.py:572: UserWarning: At least one mel filterbank has all zero values. The value for `n_mels` (224) may be set too high. Or, the value for `n_freqs` (513) may be set too low.
  "At least one mel filterbank has all zero values. "
/home/sprestrelski/miniconda3/envs/species-id/lib/python3.7/site-packages/torchaudio/functional/functional.py:572: UserWarning: At least one mel filterbank has all zero values. The value for `n_mels` (224) may be set too high. Or, the value for `n_freqs` (513) may be set too low.
  "At least one mel filterbank has all zero values. "
/home/sprestrelski/miniconda3/envs/species-id/lib/python3.7/site-packages/torchaudio/functional/functional.py:572: UserWarning: At least one mel filterbank has all zero values. The value for `n_mels` (224) may be set too high. Or, the value for `n_freqs` (513) may be set too low.
  "At least one mel filterbank has all zero values. "
 91.25
Loss: 19.40267387032509 Accuracy: 90.375
Loss: 17.364206666126847 Accuracy: 91.625
Loss: 22.31344540696591 Accuracy: 89.125
Loss: 18.544906428083777 Accuracy: 91.375
Loss: 21.164226649329066 Accuracy: 90.75
Loss: 17.323392275720835 Accuracy: 91.875
Loss: 18.556834842078388 Accuracy: 91.375
Loss: 17.19457097351551 Accuracy: 91.25
Loss: 19.365595377981663 Accuracy: 90.125
Loss: 20.996072452515364 Accuracy: 90.25
Loss: 16.357299111783504 Accuracy: 92.375
Loss: 18.974883753806353 Accuracy: 90.375
Loss: 19.242167791351676 Accuracy: 90.75
Loss: 17.077795950695872 Accuracy: 92.25
Loss: 19.54950261116028 Accuracy: 90.875
Loss: 15.564711915329099 Accuracy: 91.875
Loss: 17.705370482057333 Accuracy: 91.375
Loss: 15.842962911352515 Accuracy: 91.125
Loss: 14.95351863373071 Accuracy: 92.875
Loss: 22.422247301787138 Accuracy: 89.625
Loss: 12.370244521647692 Accuracy: 94.375
Loss: 17.920284368097782 Accuracy: 91.0
Loss: 20.012452529743314 Accuracy: 90.25
Loss: 16.178131164051592 Accuracy: 91.5
Loss: 19.77229604218155 Accuracy: 90.25
Loss: 17.01769086625427 Accuracy: 91.875
Loss: 13.712325624190271 Accuracy: 93.25
Loss: 16.71957202255726 Accuracy: 92.375
Loss: 21.22416725754738 Accuracy: 89.5
Loss: 13.0863648802042 Accuracy: 90.87136929460581
/home/sprestrelski/miniconda3/envs/species-id/lib/python3.7/site-packages/torchaudio/functional/functional.py:572: UserWarning: At least one mel filterbank has all zero values. The value for `n_mels` (224) may be set too high. Or, the value for `n_freqs` (513) may be set too low.
  "At least one mel filterbank has all zero values. "
/home/sprestrelski/miniconda3/envs/species-id/lib/python3.7/site-packages/torchaudio/functional/functional.py:572: UserWarning: At least one mel filterbank has all zero values. The value for `n_mels` (224) may be set too high. Or, the value for `n_freqs` (513) may be set too low.
  "At least one mel filterbank has all zero values. "
/home/sprestrelski/miniconda3/envs/species-id/lib/python3.7/site-packages/torchaudio/functional/functional.py:572: UserWarning: At least one mel filterbank has all zero values. The value for `n_mels` (224) may be set too high. Or, the value for `n_freqs` (513) may be set too low.
  "At least one mel filterbank has all zero values. "
/home/sprestrelski/miniconda3/envs/species-id/lib/python3.7/site-packages/torchaudio/functional/functional.py:572: UserWarning: At least one mel filterbank has all zero values. The value for `n_mels` (224) may be set too high. Or, the value for `n_freqs` (513) may be set too low.
  "At least one mel filterbank has all zero values. "
Traceback (most recent call last):
  File "train.py", line 187, in <module>
    torch.save(model.state_dict(), f'./{time_now}_model_{epoch}.bin')
  File "train.py", line 124, in valid
    
  File "/home/sprestrelski/miniconda3/envs/species-id/lib/python3.7/site-packages/sklearn/utils/validation.py", line 63, in inner_f
    return f(*args, **kwargs)
  File "/home/sprestrelski/miniconda3/envs/species-id/lib/python3.7/site-packages/sklearn/metrics/_ranking.py", line 225, in average_precision_score
    average, sample_weight=sample_weight)
  File "/home/sprestrelski/miniconda3/envs/species-id/lib/python3.7/site-packages/sklearn/metrics/_base.py", line 74, in _average_binary_score
    raise ValueError("{0} format is not supported".format(y_type))
ValueError: multiclass format is not supported
