Loading Model...
Model / Optimizer Loading Succesful :P
Loading Dataset
Training
Epoch 0
Loss: 5.559116840362549 Accuracy: 0.0
Loss: 235.37744045257568 Accuracy: 12.125
Loss: 226.8687608242035 Accuracy: 11.0
Loss: 220.5488133430481 Accuracy: 15.0
Loss: 210.44792795181274 Accuracy: 19.625
Loss: 209.63726663589478 Accuracy: 20.5
Loss: 197.83752822875977 Accuracy: 23.625
Loss: 177.36914610862732 Accuracy: 30.875000000000004
Loss: 177.6824128627777 Accuracy: 30.25
Loss: 178.59424757957458 Accuracy: 29.625
Loss: 167.48907208442688 Accuracy: 35.0
Loss: 168.15594744682312 Accuracy: 33.625
Loss: 155.27465987205505 Accuracy: 37.875
Loss: 155.10322105884552 Accuracy: 38.375
Loss: 150.55778741836548 Accuracy: 39.875
Loss: 141.3381052017212 Accuracy: 43.125
Loss: 147.22625422477722 Accuracy: 41.875
Loss: 140.6059820652008 Accuracy: 43.375
Loss: 133.90551829338074 Accuracy: 44.125
Loss: 123.41955029964447 Accuracy: 49.0
Loss: 134.80755031108856 Accuracy: 45.375
Loss: 117.55325329303741 Accuracy: 51.37500000000001
Loss: 116.26560401916504 Accuracy: 51.125
Loss: 120.00208950042725 Accuracy: 52.125
Loss: 116.17508840560913 Accuracy: 52.25
Loss: 119.18626892566681 Accuracy: 51.5
Loss: 111.61126184463501 Accuracy: 53.87499999999999
Loss: 117.57557928562164 Accuracy: 51.625
Loss: 109.99589252471924 Accuracy: 52.75
Loss: 110.04491913318634 Accuracy: 51.74999999999999
Loss: 106.09394371509552 Accuracy: 55.625
Loss: 103.72784674167633 Accuracy: 56.00000000000001
Loss: 103.6223840713501 Accuracy: 56.75
Loss: 107.20988392829895 Accuracy: 54.25
Loss: 87.76343405246735 Accuracy: 60.375
Loss: 98.31011068820953 Accuracy: 56.875
Loss: 97.3706403374672 Accuracy: 58.75
Loss: 88.08128154277802 Accuracy: 62.5
Loss: 94.67142021656036 Accuracy: 59.62499999999999
Loss: 99.97829431295395 Accuracy: 59.12500000000001
Loss: 92.50409561395645 Accuracy: 59.875
Loss: 87.95027369260788 Accuracy: 60.375
Loss: 89.22598332166672 Accuracy: 60.75000000000001
Loss: 90.83253341913223 Accuracy: 62.875
Loss: 91.00398728251457 Accuracy: 61.375
Loss: 83.67879217863083 Accuracy: 63.625
Loss: 81.11637216806412 Accuracy: 64.25
Loss: 86.05127316713333 Accuracy: 62.875
Loss: 79.85990136861801 Accuracy: 66.625
Loss: 85.81775069236755 Accuracy: 62.25000000000001
Loss: 85.69817373156548 Accuracy: 61.75000000000001
Loss: 85.82083535194397 Accuracy: 63.375
Loss: 78.51227855682373 Accuracy: 66.0
Loss: 77.4814161658287 Accuracy: 66.25
Loss: 80.65045404434204 Accuracy: 63.87500000000001
Loss: 76.52746894955635 Accuracy: 67.375
Loss: 75.72864532470703 Accuracy: 66.5
Loss: 78.00026535987854 Accuracy: 65.625
Loss: 79.72306483983994 Accuracy: 64.125
Loss: 77.08643859624863 Accuracy: 66.25
Loss: 80.47117561101913 Accuracy: 64.75
Loss: 73.04837208986282 Accuracy: 67.5
Loss: 70.04754570126534 Accuracy: 69.0
Loss: 77.81166172027588 Accuracy: 64.5
Loss: 73.7487662434578 Accuracy: 66.125
Loss: 67.71702760457993 Accuracy: 68.75
Loss: 76.13262116909027 Accuracy: 67.5
Loss: 70.60456876456738 Accuracy: 69.625
Loss: 71.74879336357117 Accuracy: 67.625
Loss: 71.60189205408096 Accuracy: 69.5
Loss: 65.20176962018013 Accuracy: 70.75
Loss: 63.390694946050644 Accuracy: 71.75
Loss: 66.31073385477066 Accuracy: 70.25
Loss: 67.37713181972504 Accuracy: 70.75
Loss: 66.2909100651741 Accuracy: 70.875
Loss: 69.55970054864883 Accuracy: 70.125
Loss: 68.76820722222328 Accuracy: 69.625
Loss: 63.502525091171265 Accuracy: 70.0
Loss: 72.64385110139847 Accuracy: 67.25
Loss: 66.02307862043381 Accuracy: 71.75
Loss: 67.01001417636871 Accuracy: 71.5
Loss: 66.52696180343628 Accuracy: 68.625
Loss: 63.51323887705803 Accuracy: 69.625
Loss: 61.07209473848343 Accuracy: 72.75
Loss: 62.5987192094326 Accuracy: 70.75
Loss: 65.97879439592361 Accuracy: 71.0
Loss: 62.53881874680519 Accuracy: 71.5
Loss: 70.83472767472267 Accuracy: 68.75
Loss: 60.02994415163994 Accuracy: 73.0
Loss: 55.58321090042591 Accuracy: 75.0
Loss: 61.8368638753891 Accuracy: 73.125
Loss: 58.75855252146721 Accuracy: 73.75
Loss: 59.132389575242996 Accuracy: 72.875
Loss: 63.86807519197464 Accuracy: 72.625
Loss: 62.694800436496735 Accuracy: 72.25
Loss: 59.05510312318802 Accuracy: 74.75
Loss: 58.16405174136162 Accuracy: 73.25
Loss: 57.02251583337784 Accuracy: 72.5
Loss: 59.84194868803024 Accuracy: 72.75
Loss: 64.79364612698555 Accuracy: 72.125
Loss: 61.23033106327057 Accuracy: 72.375
Loss: 56.012085020542145 Accuracy: 75.125
Loss: 52.732751592993736 Accuracy: 76.375
Loss: 57.47673687338829 Accuracy: 74.25
Loss: 54.5483116209507 Accuracy: 76.625
Loss: 55.87108814716339 Accuracy: 74.0
Loss: 60.71596395969391 Accuracy: 72.125
Loss: 57.63229721784592 Accuracy: 74.375
Loss: 53.92766401171684 Accuracy: 76.0
Loss: 57.32958671450615 Accuracy: 72.875
Loss: 57.20271846652031 Accuracy: 73.75
Loss: 54.688532680273056 Accuracy: 73.625
Loss: 54.950847297906876 Accuracy: 74.875
Loss: 54.214174553751945 Accuracy: 74.5
Loss: 45.369138807058334 Accuracy: 78.625
Loss: 53.179166316986084 Accuracy: 76.0
Loss: 55.891156047582626 Accuracy: 73.875
Loss: 53.111164420843124 Accuracy: 75.0
Loss: 51.90501973032951 Accuracy: 76.625
Loss: 48.24870914965868 Accuracy: 77.5
Loss: 49.82205104827881 Accuracy: 76.25
Loss: 47.678841948509216 Accuracy: 77.75
Loss: 50.52986849099398 Accuracy: 78.75
Loss: 50.85549758374691 Accuracy: 77.0
Loss: 50.95536005496979 Accuracy: 75.375
Loss: 48.631460562348366 Accuracy: 78.25
Loss: 49.462530210614204 Accuracy: 79.125
Loss: 49.97707299888134 Accuracy: 78.625
Loss: 49.18286645412445 Accuracy: 76.875
Loss: 50.12946596741676 Accuracy: 77.5
Loss: 54.169501066207886 Accuracy: 76.125
Loss: 44.35049921274185 Accuracy: 78.5
Loss: 47.76553978770971 Accuracy: 76.75
Loss: 51.226597875356674 Accuracy: 77.25
Loss: 48.086478650569916 Accuracy: 77.375
Loss: 48.487062215805054 Accuracy: 77.375
Loss: 46.516895949840546 Accuracy: 78.0
Loss: 48.19992417097092 Accuracy: 76.875
Loss: 48.04302951693535 Accuracy: 77.5
Loss: 49.08613222837448 Accuracy: 76.875
Loss: 45.88501726090908 Accuracy: 77.75
Loss: 42.86515450850129 Accuracy: 78.75
Loss: 47.79449863731861 Accuracy: 77.25
Loss: 49.396758675575256 Accuracy: 78.0
Loss: 41.779865853488445 Accuracy: 81.5
Loss: 45.903264075517654 Accuracy: 78.625
Loss: 46.19373505562544 Accuracy: 80.25
Loss: 44.49941843748093 Accuracy: 79.875
Loss: 40.02410613000393 Accuracy: 81.25
Loss: 48.97284051775932 Accuracy: 76.875
Loss: 45.287871301174164 Accuracy: 79.25
Loss: 40.51359957456589 Accuracy: 80.0
Loss: 42.13925050199032 Accuracy: 80.625
Loss: 44.094521693885326 Accuracy: 79.375
Loss: 48.31875216960907 Accuracy: 78.5
Loss: 44.74632713198662 Accuracy: 77.0
Loss: 46.42301952838898 Accuracy: 78.5
Loss: 43.82526743412018 Accuracy: 79.625
Loss: 40.807538356631994 Accuracy: 79.375
Loss: 43.672660782933235 Accuracy: 80.0
Loss: 41.413355469703674 Accuracy: 81.625
Loss: 43.74316839873791 Accuracy: 80.125
Loss: 41.284539967775345 Accuracy: 80.625
Loss: 42.96761403977871 Accuracy: 80.875
Loss: 38.741020783782005 Accuracy: 81.25
Loss: 37.04589645564556 Accuracy: 83.75
Loss: 43.97888919711113 Accuracy: 80.25
Loss: 41.20162072777748 Accuracy: 79.5
Loss: 41.700954876840115 Accuracy: 79.75
Loss: 40.5213820040226 Accuracy: 80.875
Loss: 40.820310674607754 Accuracy: 80.25
Loss: 45.303474597632885 Accuracy: 77.125
Loss: 37.09526327997446 Accuracy: 81.875
Loss: 35.0250708386302 Accuracy: 83.375
Loss: 36.630632162094116 Accuracy: 83.875
Loss: 45.036494106054306 Accuracy: 79.625
Loss: 41.85166671872139 Accuracy: 79.5
Loss: 38.37056750059128 Accuracy: 81.75
Loss: 38.103434443473816 Accuracy: 82.125
Loss: 39.41976477205753 Accuracy: 82.25
Loss: 36.581180185079575 Accuracy: 83.25
Loss: 34.95298524200916 Accuracy: 83.875
Loss: 43.95354323834181 Accuracy: 79.375
Loss: 36.4522350654006 Accuracy: 82.875
Loss: 37.29447668790817 Accuracy: 82.0
Loss: 39.96080059558153 Accuracy: 81.5
Loss: 42.255475886166096 Accuracy: 81.25
Loss: 37.538972951471806 Accuracy: 82.75
Loss: 39.50896328315139 Accuracy: 82.0
Loss: 36.971264980733395 Accuracy: 83.25
Loss: 32.64989463984966 Accuracy: 85.125
Loss: 36.98143604397774 Accuracy: 83.25
Loss: 38.827456917613745 Accuracy: 80.75
Loss: 33.02522352337837 Accuracy: 84.125
Loss: 39.57669511437416 Accuracy: 82.625
Loss: 36.46432584524155 Accuracy: 83.375
Loss: 38.92290982604027 Accuracy: 83.0
Loss: 39.18884754925966 Accuracy: 82.875
Loss: 36.91242662072182 Accuracy: 82.875
Loss: 33.50891037285328 Accuracy: 84.625
Loss: 35.90736702084541 Accuracy: 82.125
Loss: 40.32647470757365 Accuracy: 81.625
Loss: 34.343261770904064 Accuracy: 84.0
Loss: 34.18958691507578 Accuracy: 85.375
Loss: 35.07758030295372 Accuracy: 84.125
Loss: 35.94246110320091 Accuracy: 82.75
Loss: 40.202910639345646 Accuracy: 82.125
Loss: 34.635493133217096 Accuracy: 83.75
Loss: 36.41574392467737 Accuracy: 83.5
Loss: 27.823730774223804 Accuracy: 87.0
Loss: 31.474553890526295 Accuracy: 84.875
Loss: 32.90628595650196 Accuracy: 84.375
Loss: 35.50229614973068 Accuracy: 83.5
Loss: 38.14675650000572 Accuracy: 83.75
Loss: 32.853821620345116 Accuracy: 83.75
Loss: 37.38094275817275 Accuracy: 81.25
Loss: 35.92476551234722 Accuracy: 84.125
Loss: 29.001683808863163 Accuracy: 85.375
Loss: 31.16031244955957 Accuracy: 84.25
Loss: 34.13600980117917 Accuracy: 84.375
Loss: 35.87927260994911 Accuracy: 84.125
Loss: 33.084996439516544 Accuracy: 86.125
Loss: 31.830347396433353 Accuracy: 84.375
Loss: 32.54790052771568 Accuracy: 84.875
Loss: 31.677284210920334 Accuracy: 84.5
Loss: 35.289557076990604 Accuracy: 83.875
Loss: 34.80042214691639 Accuracy: 81.875
Loss: 31.076329290866852 Accuracy: 84.875
Loss: 29.905652284622192 Accuracy: 85.625
Loss: 28.816747799515724 Accuracy: 85.375
Loss: 31.81618961133063 Accuracy: 84.125
Loss: 28.185656763613224 Accuracy: 86.75
Loss: 37.065245762467384 Accuracy: 83.375
Loss: 33.090651497244835 Accuracy: 84.625
Loss: 33.96015390008688 Accuracy: 83.625
Loss: 30.752959407866 Accuracy: 84.875
Loss: 26.77470675110817 Accuracy: 88.0
Loss: 27.552427522838116 Accuracy: 86.5
Loss: 33.24033649265766 Accuracy: 84.875
Loss: 29.331870570778847 Accuracy: 85.5
Loss: 29.82664805278182 Accuracy: 85.375
Loss: 26.565129037946463 Accuracy: 88.0
Loss: 29.747129701077938 Accuracy: 86.5
Loss: 29.656149350106716 Accuracy: 86.375
Loss: 34.48158860206604 Accuracy: 84.625
Loss: 33.99776844680309 Accuracy: 85.125
Loss: 33.792524076998234 Accuracy: 83.25
Loss: 27.670682188123465 Accuracy: 86.5
Loss: 27.40929537266493 Accuracy: 86.5
Loss: 27.684980235993862 Accuracy: 85.625
Loss: 30.05438018217683 Accuracy: 85.625
Loss: 29.709456749260426 Accuracy: 86.5
Loss: 32.84377361088991 Accuracy: 85.125
Loss: 29.30387118458748 Accuracy: 86.375
Loss: 26.743829893879592 Accuracy: 88.5
Loss: 31.275042917579412 Accuracy: 87.25
Loss: 30.79928901232779 Accuracy: 84.875
Loss: 25.226997062563896 Accuracy: 86.625
Loss: 25.748791359364986 Accuracy: 87.25
Loss: 29.878132935613394 Accuracy: 87.0
Loss: 28.77335862070322 Accuracy: 85.375
Loss: 28.598827889189124 Accuracy: 88.625
Loss: 27.357866207137704 Accuracy: 86.5
Loss: 25.450644694268703 Accuracy: 87.375
Loss: 29.735037304461002 Accuracy: 86.5
Loss: 26.47125669568777 Accuracy: 88.0
Loss: 28.966205466538668 Accuracy: 85.75
Loss: 24.02257541567087 Accuracy: 88.75
Loss: 26.135978378355503 Accuracy: 88.125
Loss: 29.35795160382986 Accuracy: 85.5
Loss: 26.10568394139409 Accuracy: 87.25
Loss: 23.595520190894604 Accuracy: 89.5
Loss: 26.30775367282331 Accuracy: 86.75
Loss: 28.41947115957737 Accuracy: 86.625
Loss: 29.876535579562187 Accuracy: 86.375
Loss: 26.887161001563072 Accuracy: 86.625
Loss: 28.434686668217182 Accuracy: 86.5
Loss: 29.017136488109827 Accuracy: 85.875
Loss: 28.91375108808279 Accuracy: 86.0
Loss: 25.19024578202516 Accuracy: 88.375
Loss: 25.708005629479885 Accuracy: 87.625
Loss: 24.999763302505016 Accuracy: 88.125
Loss: 27.91781509667635 Accuracy: 87.625
Loss: 22.68983936868608 Accuracy: 88.5
Loss: 24.262834856286645 Accuracy: 88.875
Loss: 27.516127646900713 Accuracy: 86.875
Loss: 18.295942587777972 Accuracy: 90.75
Loss: 25.66698735114187 Accuracy: 88.5
Loss: 26.81934093683958 Accuracy: 87.75
Loss: 24.322583124041557 Accuracy: 89.125
Loss: 29.376502510160208 Accuracy: 86.125
Loss: 21.751865554600954 Accuracy: 90.625
Loss: 26.724838202819228 Accuracy: 86.875
Loss: 30.017127089202404 Accuracy: 85.75
Loss: 27.070532865822315 Accuracy: 87.875
Loss: 25.102052219212055 Accuracy: 88.625
Loss: 20.734106427058578 Accuracy: 89.75
Loss: 27.268928365781903 Accuracy: 86.875
Loss: 25.62681446969509 Accuracy: 87.625
Loss: 31.405098765622824 Accuracy: 85.625
Loss: 26.00269378721714 Accuracy: 87.0
Loss: 20.816034249961376 Accuracy: 89.5
Loss: 27.418277580291033 Accuracy: 86.0
Loss: 22.509215094149113 Accuracy: 89.5
Loss: 23.855685733258724 Accuracy: 88.375
Loss: 24.33990590646863 Accuracy: 87.875
Loss: 21.955710791051388 Accuracy: 88.875
Loss: 21.790829606354237 Accuracy: 89.75
Loss: 28.108662210404873 Accuracy: 87.125
Loss: 23.45578181743622 Accuracy: 87.375
Loss: 22.980546478182077 Accuracy: 89.25
Loss: 22.716071247123182 Accuracy: 89.875
Loss: 24.958597967401147 Accuracy: 87.5
Loss: 25.804275542497635 Accuracy: 88.25
Loss: 27.3627498857677 Accuracy: 87.0
Loss: 24.104725217446685 Accuracy: 89.625
Loss: 19.201818842440844 Accuracy: 90.375
Loss: 24.649949554353952 Accuracy: 88.25
Loss: 26.543836563825607 Accuracy: 87.5
Loss: 22.80433616414666 Accuracy: 88.25
Loss: 24.143575005233288 Accuracy: 88.875
Loss: 20.73269770294428 Accuracy: 89.875
Loss: 23.532296992838383 Accuracy: 88.0
Loss: 22.971169009804726 Accuracy: 89.0
Loss: 23.594078266993165 Accuracy: 88.375
Loss: 23.219952696934342 Accuracy: 88.5
Loss: 22.781929835677147 Accuracy: 89.25
Loss: 25.97187321446836 Accuracy: 88.25
Loss: 21.2554378695786 Accuracy: 89.375
Loss: 25.072642961516976 Accuracy: 88.125
Loss: 26.408135123550892 Accuracy: 88.75
Loss: 23.354585018008947 Accuracy: 87.625
Loss: 21.384094255045056 Accuracy: 89.125
Loss: 23.767864087130874 Accuracy: 86.875
Loss: 21.425099581480026 Accuracy: 90.875
Loss: 21.477452216669917 Accuracy: 89.625
Loss: 20.82651689928025 Accuracy: 88.875
Loss: 24.41574882902205 Accuracy: 87.25
Loss: 25.47507907450199 Accuracy: 88.25
Loss: 23.415021527558565 Accuracy: 90.0
Loss: 22.67619208432734 Accuracy: 88.5
Loss: 22.01463621482253 Accuracy: 89.625
Loss: 20.894746504724026 Accuracy: 88.875
Loss: 20.74882873147726 Accuracy: 88.875
Loss: 21.367607552558184 Accuracy: 89.375
Loss: 23.230383656919003 Accuracy: 90.0
Loss: 22.060614785179496 Accuracy: 89.75
Loss: 22.30665730405599 Accuracy: 89.0
Loss: 19.545554459095 Accuracy: 91.125
Loss: 21.598298247903585 Accuracy: 90.25
Loss: 21.062667291611433 Accuracy: 90.75
Loss: 19.395041678100824 Accuracy: 90.5
Loss: 22.496619263663888 Accuracy: 90.125
Loss: 23.28069581091404 Accuracy: 89.0
Loss: 18.579106889665127 Accuracy: 90.25
Loss: 24.65684829093516 Accuracy: 88.625
Loss: 21.112557681277394 Accuracy: 90.125
Loss: 23.57762205810286 Accuracy: 88.0
Loss: 23.454140570014715 Accuracy: 89.25
Loss: 20.92348514124751 Accuracy: 88.375
Loss: 18.372019834816456 Accuracy: 90.375
Loss: 19.93008162640035 Accuracy: 90.0
Loss: 20.99240132048726 Accuracy: 89.5
Loss: 21.40008478052914 Accuracy: 90.25
Loss: 19.415243823081255 Accuracy: 90.375
Loss: 19.98450986482203 Accuracy: 89.5
Loss: 20.36614496819675 Accuracy: 90.375
Loss: 23.99618129990995 Accuracy: 88.5
Loss: 24.038459946401417 Accuracy: 89.375
Loss: 20.0499615278095 Accuracy: 89.75
Loss: 19.999548566527665 Accuracy: 89.75
Loss: 21.72092734836042 Accuracy: 88.625
Loss: 17.58975301682949 Accuracy: 90.75
Loss: 16.697907347232103 Accuracy: 91.75
Loss: 20.274100225418806 Accuracy: 90.125
Loss: 24.76313142478466 Accuracy: 88.5
Loss: 19.556907791644335 Accuracy: 90.0
Loss: 17.5601651603356 Accuracy: 92.0
Loss: 22.617387963458896 Accuracy: 88.375
Loss: 20.38127114996314 Accuracy: 89.25
Loss: 18.37318839225918 Accuracy: 90.75
Loss: 20.737998905591667 Accuracy: 90.875
Loss: 19.24390230840072 Accuracy: 90.25
Loss: 20.42349469009787 Accuracy: 90.875
Loss: 21.12575612217188 Accuracy: 88.25
Loss: 20.0757745988667 Accuracy: 90.0
Loss: 21.301960356533527 Accuracy: 89.5
Loss: 19.104236088693142 Accuracy: 90.5
Loss: 22.110902938991785 Accuracy: 88.625
Loss: 21.00917314365506 Accuracy: 90.375
Loss: 17.468273738399148 Accuracy: 90.75
Loss: 18.53439397085458 Accuracy: 90.75
Loss: 18.770408377982676 Accuracy: 91.5
Loss: 19.752937087789178 Accuracy: 91.625
Loss: 17.56072421744466 Accuracy: 91.625
Loss: 18.46472246432677 Accuracy: 91.375
Loss: 19.632778622210026 Accuracy: 90.125
Loss: 20.45558994822204 Accuracy: 90.75
Loss: 18.281446072272956 Accuracy: 91.75
Loss: 19.673219725489616 Accuracy: 91.0/home/sprestrelski/miniconda3/envs/species-id/lib/python3.7/site-packages/torchaudio/functional/functional.py:572: UserWarning: At least one mel filterbank has all zero values. The value for `n_mels` (224) may be set too high. Or, the value for `n_freqs` (513) may be set too low.
  "At least one mel filterbank has all zero values. "
/home/sprestrelski/miniconda3/envs/species-id/lib/python3.7/site-packages/torchaudio/functional/functional.py:572: UserWarning: At least one mel filterbank has all zero values. The value for `n_mels` (224) may be set too high. Or, the value for `n_freqs` (513) may be set too low.
  "At least one mel filterbank has all zero values. "
/home/sprestrelski/miniconda3/envs/species-id/lib/python3.7/site-packages/torchaudio/functional/functional.py:572: UserWarning: At least one mel filterbank has all zero values. The value for `n_mels` (224) may be set too high. Or, the value for `n_freqs` (513) may be set too low.
  "At least one mel filterbank has all zero values. "
/home/sprestrelski/miniconda3/envs/species-id/lib/python3.7/site-packages/torchaudio/functional/functional.py:572: UserWarning: At least one mel filterbank has all zero values. The value for `n_mels` (224) may be set too high. Or, the value for `n_freqs` (513) may be set too low.
  "At least one mel filterbank has all zero values. "

Loss: 17.426753962412477 Accuracy: 91.125
Loss: 18.65705824457109 Accuracy: 89.75
Loss: 20.239702735096216 Accuracy: 90.125
Loss: 21.85234097344801 Accuracy: 90.0
Loss: 18.68149700667709 Accuracy: 90.25
Loss: 21.504770923405886 Accuracy: 89.375
Loss: 19.224737864453346 Accuracy: 90.875
Loss: 19.900686368346214 Accuracy: 89.5
Loss: 18.731301117688417 Accuracy: 90.25
Loss: 19.80824699625373 Accuracy: 89.625
Loss: 21.53312237933278 Accuracy: 89.375
Loss: 19.385980024933815 Accuracy: 90.5
Loss: 20.496182411909103 Accuracy: 89.625
Loss: 20.318041283171624 Accuracy: 89.625
Loss: 17.730677442625165 Accuracy: 91.875
Loss: 18.79061107710004 Accuracy: 90.375
Loss: 14.704343755263835 Accuracy: 92.125
Loss: 17.125373907387257 Accuracy: 90.75
Loss: 15.993932133540511 Accuracy: 91.625
Loss: 14.300291456282139 Accuracy: 93.625
Loss: 21.69428233895451 Accuracy: 90.125
Loss: 12.884662194177508 Accuracy: 93.375
Loss: 19.2545228600502 Accuracy: 90.25
Loss: 21.840163815766573 Accuracy: 88.75
Loss: 18.284846197348088 Accuracy: 91.375
Loss: 20.448015904054046 Accuracy: 90.375
Loss: 16.378763919696212 Accuracy: 92.625
Loss: 15.316892821341753 Accuracy: 92.625
Loss: 18.22750622034073 Accuracy: 90.75
Loss: 20.592969078570604 Accuracy: 89.875
Loss: 14.290333785116673 Accuracy: 90.87136929460581
/home/sprestrelski/miniconda3/envs/species-id/lib/python3.7/site-packages/torchaudio/functional/functional.py:572: UserWarning: At least one mel filterbank has all zero values. The value for `n_mels` (224) may be set too high. Or, the value for `n_freqs` (513) may be set too low.
  "At least one mel filterbank has all zero values. "
/home/sprestrelski/miniconda3/envs/species-id/lib/python3.7/site-packages/torchaudio/functional/functional.py:572: UserWarning: At least one mel filterbank has all zero values. The value for `n_mels` (224) may be set too high. Or, the value for `n_freqs` (513) may be set too low.
  "At least one mel filterbank has all zero values. "
/home/sprestrelski/miniconda3/envs/species-id/lib/python3.7/site-packages/torchaudio/functional/functional.py:572: UserWarning: At least one mel filterbank has all zero values. The value for `n_mels` (224) may be set too high. Or, the value for `n_freqs` (513) may be set too low.
  "At least one mel filterbank has all zero values. "
/home/sprestrelski/miniconda3/envs/species-id/lib/python3.7/site-packages/torchaudio/functional/functional.py:572: UserWarning: At least one mel filterbank has all zero values. The value for `n_mels` (224) may be set too high. Or, the value for `n_freqs` (513) may be set too low.
  "At least one mel filterbank has all zero values. "
Traceback (most recent call last):
  File "train.py", line 187, in <module>
    torch.save(model.state_dict(), f'./{time_now}_model_{epoch}.bin')
  File "train.py", line 124, in valid
    
  File "/home/sprestrelski/miniconda3/envs/species-id/lib/python3.7/site-packages/sklearn/utils/validation.py", line 63, in inner_f
    return f(*args, **kwargs)
  File "/home/sprestrelski/miniconda3/envs/species-id/lib/python3.7/site-packages/sklearn/metrics/_ranking.py", line 225, in average_precision_score
    average, sample_weight=sample_weight)
  File "/home/sprestrelski/miniconda3/envs/species-id/lib/python3.7/site-packages/sklearn/metrics/_base.py", line 74, in _average_binary_score
    raise ValueError("{0} format is not supported".format(y_type))
ValueError: multiclass format is not supported
